INFO:root:Namespace(image='nginx', name=None, test='test_case_1.py', config=None, display=True, log='secmon.log', output='syscalls.json', generate=None)
INFO:root:BPF Program loaded.
INFO:root:{'Processes': [['root', '34407', '34386', '0', '22:14', '?', '00:00:00', 'nginx: master process nginx -g daemon off;']], 'Titles': ['UID', 'PID', 'PPID', 'C', 'STIME', 'TTY', 'TIME', 'CMD']}
INFO:root:Target container is running...
INFO:root:PID|COMM|SYSCALL_ID
INFO:root:Namespace(image='nginx', name=None, test='test_case_1.py', config=None, display=True, log='secmon.log', output='syscalls.json', generate=None)
INFO:root:BPF Program loaded.
INFO:root:{'Processes': [['root', '34725', '34704', '0', '22:16', '?', '00:00:00', 'nginx: master process nginx -g daemon off;'], ['101', '34792', '34725', '0', '22:16', '?', '00:00:00', 'nginx: worker process'], ['101', '34793', '34725', '0', '22:16', '?', '00:00:00', 'nginx: worker process'], ['101', '34794', '34725', '0', '22:16', '?', '00:00:00', 'nginx: worker process']], 'Titles': ['UID', 'PID', 'PPID', 'C', 'STIME', 'TTY', 'TIME', 'CMD']}
INFO:root:Target container is running...
INFO:root:PID|COMM|SYSCALL_ID
INFO:root:34792 b'nginx' 96
INFO:root:34792 b'nginx' 228
INFO:root:34792 b'nginx' 288
INFO:root:34792 b'nginx' 233
INFO:root:34792 b'nginx' 233
INFO:root:34792 b'nginx' 233
INFO:root:34792 b'nginx' 232
INFO:root:34792 b'nginx' 96
INFO:root:34792 b'nginx' 228
INFO:root:34792 b'nginx' 45
INFO:root:34792 b'nginx' 4
INFO:root:34792 b'nginx' 257
INFO:root:34792 b'nginx' 5
INFO:root:34792 b'nginx' 20
INFO:root:34792 b'nginx' 40
INFO:root:34792 b'nginx' 1
INFO:root:34792 b'nginx' 3
INFO:root:34792 b'nginx' 54
INFO:root:34792 b'nginx' 232
INFO:root:34792 b'nginx' 96
INFO:root:34792 b'nginx' 228
INFO:root:34792 b'nginx' 45
INFO:root:34792 b'nginx' 257
INFO:root:34792 b'nginx' 186
INFO:root:34792 b'nginx' 1
INFO:root:34792 b'nginx' 20
INFO:root:34792 b'nginx' 1
INFO:root:34792 b'nginx' 232
INFO:root:Namespace(image='nginx', name=None, test='test_case_1.py', config=None, display=True, log='secmon.log', output='syscalls.json', generate=None)
INFO:root:BPF Program loaded.
INFO:root:{'Processes': [['root', '35084', '35063', '0', '22:20', '?', '00:00:00', 'nginx: master process nginx -g daemon off;']], 'Titles': ['UID', 'PID', 'PPID', 'C', 'STIME', 'TTY', 'TIME', 'CMD']}
INFO:root:Target container is running...
INFO:root:PID|COMM|SYSCALL_ID
INFO:root:35084 b'nginx' 186
INFO:root:35084 b'nginx' 1
INFO:root:35084 b'nginx' 46
INFO:root:35084 b'nginx' 46
INFO:root:35084 b'nginx' 46
INFO:root:35084 b'nginx' 46
INFO:root:35084 b'nginx' 46
INFO:root:35084 b'nginx' 46
INFO:root:35084 b'nginx' 46
INFO:root:35084 b'nginx' 46
INFO:root:35084 b'nginx' 46
INFO:root:35084 b'nginx' 46
INFO:root:35084 b'nginx' 46
INFO:root:35084 b'nginx' 46
INFO:root:35084 b'nginx' 46
INFO:root:35084 b'nginx' 46
INFO:root:35084 b'nginx' 53
INFO:root:35084 b'nginx' 16
INFO:root:35084 b'nginx' 16
INFO:root:35084 b'nginx' 16
INFO:root:35084 b'nginx' 72
INFO:root:35084 b'nginx' 72
INFO:root:35084 b'nginx' 72
INFO:root:35084 b'nginx' 56
INFO:root:35084 b'nginx' 186
INFO:root:35084 b'nginx' 1
INFO:root:35084 b'nginx' 46
INFO:root:35084 b'nginx' 46
INFO:root:35084 b'nginx' 46
INFO:root:35084 b'nginx' 46
INFO:root:35084 b'nginx' 46
INFO:root:35084 b'nginx' 46
INFO:root:35084 b'nginx' 46
INFO:root:35084 b'nginx' 46
INFO:root:35084 b'nginx' 46
INFO:root:35084 b'nginx' 46
INFO:root:35084 b'nginx' 46
INFO:root:35084 b'nginx' 46
INFO:root:35084 b'nginx' 46
INFO:root:35084 b'nginx' 46
INFO:root:35084 b'nginx' 46
INFO:root:35084 b'nginx' 130
INFO:root:35151 b'nginx' 96
INFO:root:35151 b'nginx' 228
INFO:root:35151 b'nginx' 288
INFO:root:35151 b'nginx' 233
INFO:root:35151 b'nginx' 233
INFO:root:35151 b'nginx' 233
INFO:root:35151 b'nginx' 232
INFO:root:35151 b'nginx' 96
INFO:root:35151 b'nginx' 228
INFO:root:35151 b'nginx' 45
INFO:root:35151 b'nginx' 4
INFO:root:35151 b'nginx' 257
INFO:root:35151 b'nginx' 5
INFO:root:35151 b'nginx' 20
INFO:root:35151 b'nginx' 40
INFO:root:35151 b'nginx' 1
INFO:root:35151 b'nginx' 3
INFO:root:35151 b'nginx' 54
INFO:root:35151 b'nginx' 232
INFO:root:35151 b'nginx' 96
INFO:root:35151 b'nginx' 228
INFO:root:35151 b'nginx' 45
INFO:root:35151 b'nginx' 257
INFO:root:35151 b'nginx' 186
INFO:root:35151 b'nginx' 1
INFO:root:35151 b'nginx' 20
INFO:root:35151 b'nginx' 1
INFO:root:35151 b'nginx' 232
INFO:root:35151 b'nginx' 96
INFO:root:35151 b'nginx' 228
INFO:root:35151 b'nginx' 45
INFO:root:35151 b'nginx' 4
INFO:root:35151 b'nginx' 257
INFO:root:35151 b'nginx' 5
INFO:root:35151 b'nginx' 20
INFO:root:35151 b'nginx' 1
INFO:root:35151 b'nginx' 3
INFO:root:35151 b'nginx' 232
INFO:root:35151 b'nginx' 96
INFO:root:35151 b'nginx' 228
INFO:root:35151 b'nginx' 45
INFO:root:35151 b'nginx' 4
INFO:root:35151 b'nginx' 257
INFO:root:35151 b'nginx' 5
INFO:root:35151 b'nginx' 20
INFO:root:35151 b'nginx' 1
INFO:root:35151 b'nginx' 3
INFO:root:35151 b'nginx' 232
INFO:root:35151 b'nginx' 96
INFO:root:35151 b'nginx' 228
INFO:root:35151 b'nginx' 45
INFO:root:35151 b'nginx' 4
INFO:root:35151 b'nginx' 257
INFO:root:35151 b'nginx' 5
INFO:root:35151 b'nginx' 20
INFO:root:35151 b'nginx' 1
INFO:root:35151 b'nginx' 3
INFO:root:35151 b'nginx' 232
INFO:root:35151 b'nginx' 96
INFO:root:35151 b'nginx' 228
INFO:root:35151 b'nginx' 45
INFO:root:35151 b'nginx' 257
INFO:root:35151 b'nginx' 186
INFO:root:35151 b'nginx' 1
INFO:root:35151 b'nginx' 20
INFO:root:35151 b'nginx' 1
INFO:root:35151 b'nginx' 232
INFO:root:35151 b'nginx' 96
INFO:root:35151 b'nginx' 228
INFO:root:35151 b'nginx' 45
INFO:root:35151 b'nginx' 4
INFO:root:35151 b'nginx' 257
INFO:root:35151 b'nginx' 5
INFO:root:35151 b'nginx' 20
INFO:root:35151 b'nginx' 1
INFO:root:35151 b'nginx' 3
INFO:root:35151 b'nginx' 232
INFO:root:35151 b'nginx' 96
INFO:root:35151 b'nginx' 228
INFO:root:35151 b'nginx' 45
INFO:root:35151 b'nginx' 4
INFO:root:35151 b'nginx' 257
INFO:root:35151 b'nginx' 5
INFO:root:35151 b'nginx' 20
INFO:root:35151 b'nginx' 1
INFO:root:35151 b'nginx' 3
INFO:root:35151 b'nginx' 232
INFO:root:35151 b'nginx' 96
INFO:root:35151 b'nginx' 228
INFO:root:35151 b'nginx' 45
INFO:root:35151 b'nginx' 257
INFO:root:35151 b'nginx' 186
INFO:root:35151 b'nginx' 1
INFO:root:35151 b'nginx' 20
INFO:root:35151 b'nginx' 1
INFO:root:35151 b'nginx' 232
INFO:root:35151 b'nginx' 96
INFO:root:35151 b'nginx' 228
INFO:root:35151 b'nginx' 45
INFO:root:35151 b'nginx' 4
INFO:root:35151 b'nginx' 257
INFO:root:35151 b'nginx' 5
INFO:root:35151 b'nginx' 20
INFO:root:35151 b'nginx' 1
INFO:root:35151 b'nginx' 3
INFO:root:35151 b'nginx' 232
INFO:root:35151 b'nginx' 96
INFO:root:35151 b'nginx' 228
INFO:root:35151 b'nginx' 45
INFO:root:35151 b'nginx' 4
INFO:root:35151 b'nginx' 257
INFO:root:35151 b'nginx' 5
INFO:root:35151 b'nginx' 20
INFO:root:35151 b'nginx' 1
INFO:root:35151 b'nginx' 3
INFO:root:35151 b'nginx' 232
INFO:root:35151 b'nginx' 96
INFO:root:35151 b'nginx' 228
INFO:root:35151 b'nginx' 45
INFO:root:35151 b'nginx' 4
INFO:root:35151 b'nginx' 257
INFO:root:35151 b'nginx' 5
INFO:root:35151 b'nginx' 20
INFO:root:35151 b'nginx' 1
INFO:root:35151 b'nginx' 3
INFO:root:35151 b'nginx' 232
INFO:root:35151 b'nginx' 96
INFO:root:35151 b'nginx' 228
INFO:root:35151 b'nginx' 45
INFO:root:35151 b'nginx' 4
INFO:root:35151 b'nginx' 257
INFO:root:35151 b'nginx' 5
INFO:root:35151 b'nginx' 20
INFO:root:35151 b'nginx' 1
INFO:root:35151 b'nginx' 3
INFO:root:35151 b'nginx' 232
INFO:root:35151 b'nginx' 96
INFO:root:35151 b'nginx' 228
INFO:root:35151 b'nginx' 45
INFO:root:35151 b'nginx' 4
INFO:root:35151 b'nginx' 257
INFO:root:35151 b'nginx' 5
INFO:root:35151 b'nginx' 20
INFO:root:35151 b'nginx' 1
INFO:root:35151 b'nginx' 3
INFO:root:35151 b'nginx' 232
INFO:root:35151 b'nginx' 96
INFO:root:35151 b'nginx' 228
INFO:root:35151 b'nginx' 45
INFO:root:35151 b'nginx' 4
INFO:root:35151 b'nginx' 257
INFO:root:35151 b'nginx' 5
INFO:root:35151 b'nginx' 20
INFO:root:35151 b'nginx' 1
INFO:root:35151 b'nginx' 3
INFO:root:35151 b'nginx' 232
INFO:root:35151 b'nginx' 96
INFO:root:35151 b'nginx' 228
INFO:root:35151 b'nginx' 45
INFO:root:35151 b'nginx' 4
INFO:root:35151 b'nginx' 257
INFO:root:35151 b'nginx' 5
INFO:root:35151 b'nginx' 20
INFO:root:35151 b'nginx' 1
INFO:root:35151 b'nginx' 3
INFO:root:35151 b'nginx' 232
INFO:root:Recorded 208 events in total.
